<?xml version="1.0" encoding="UTF-8"?>
<testsuite xmlns:xsi="http://www.w3.org/2001/XMLSchema-instance" xsi:noNamespaceSchemaLocation="https://maven.apache.org/surefire/maven-surefire-plugin/xsd/surefire-test-report.xsd" name="com.edu.mall.product.AppTest" time="0.059" tests="1" errors="0" skipped="0" failures="0">
  <properties>
    <property name="sun.desktop" value="windows"/>
    <property name="awt.toolkit" value="sun.awt.windows.WToolkit"/>
    <property name="file.encoding.pkg" value="sun.io"/>
    <property name="java.specification.version" value="1.8"/>
    <property name="sun.cpu.isalist" value="amd64"/>
    <property name="sun.jnu.encoding" value="GBK"/>
    <property name="java.class.path" value="E:\eclipse_workspace_springboot1\mall-product\target\test-classes;E:\eclipse_workspace_springboot1\mall-product\target\classes;e:\mvn_repo\org\springframework\boot\spring-boot-starter-web\2.1.2.RELEASE\spring-boot-starter-web-2.1.2.RELEASE.jar;e:\mvn_repo\org\springframework\boot\spring-boot-starter\2.1.2.RELEASE\spring-boot-starter-2.1.2.RELEASE.jar;e:\mvn_repo\org\springframework\boot\spring-boot\2.1.2.RELEASE\spring-boot-2.1.2.RELEASE.jar;e:\mvn_repo\org\springframework\boot\spring-boot-autoconfigure\2.1.2.RELEASE\spring-boot-autoconfigure-2.1.2.RELEASE.jar;e:\mvn_repo\org\springframework\boot\spring-boot-starter-logging\2.1.2.RELEASE\spring-boot-starter-logging-2.1.2.RELEASE.jar;e:\mvn_repo\ch\qos\logback\logback-classic\1.2.3\logback-classic-1.2.3.jar;e:\mvn_repo\ch\qos\logback\logback-core\1.2.3\logback-core-1.2.3.jar;e:\mvn_repo\org\apache\logging\log4j\log4j-to-slf4j\2.11.1\log4j-to-slf4j-2.11.1.jar;e:\mvn_repo\org\apache\logging\log4j\log4j-api\2.11.1\log4j-api-2.11.1.jar;e:\mvn_repo\org\slf4j\jul-to-slf4j\1.7.25\jul-to-slf4j-1.7.25.jar;e:\mvn_repo\javax\annotation\javax.annotation-api\1.3.2\javax.annotation-api-1.3.2.jar;e:\mvn_repo\org\yaml\snakeyaml\1.23\snakeyaml-1.23.jar;e:\mvn_repo\org\springframework\boot\spring-boot-starter-json\2.1.2.RELEASE\spring-boot-starter-json-2.1.2.RELEASE.jar;e:\mvn_repo\com\fasterxml\jackson\core\jackson-databind\2.9.8\jackson-databind-2.9.8.jar;e:\mvn_repo\com\fasterxml\jackson\core\jackson-annotations\2.9.0\jackson-annotations-2.9.0.jar;e:\mvn_repo\com\fasterxml\jackson\core\jackson-core\2.9.8\jackson-core-2.9.8.jar;e:\mvn_repo\com\fasterxml\jackson\datatype\jackson-datatype-jdk8\2.9.8\jackson-datatype-jdk8-2.9.8.jar;e:\mvn_repo\com\fasterxml\jackson\datatype\jackson-datatype-jsr310\2.9.8\jackson-datatype-jsr310-2.9.8.jar;e:\mvn_repo\com\fasterxml\jackson\module\jackson-module-parameter-names\2.9.8\jackson-module-parameter-names-2.9.8.jar;e:\mvn_repo\org\hibernate\validator\hibernate-validator\6.0.14.Final\hibernate-validator-6.0.14.Final.jar;e:\mvn_repo\javax\validation\validation-api\2.0.1.Final\validation-api-2.0.1.Final.jar;e:\mvn_repo\org\jboss\logging\jboss-logging\3.3.2.Final\jboss-logging-3.3.2.Final.jar;e:\mvn_repo\com\fasterxml\classmate\1.4.0\classmate-1.4.0.jar;e:\mvn_repo\org\springframework\spring-web\5.1.4.RELEASE\spring-web-5.1.4.RELEASE.jar;e:\mvn_repo\org\springframework\spring-beans\5.1.4.RELEASE\spring-beans-5.1.4.RELEASE.jar;e:\mvn_repo\org\springframework\spring-webmvc\5.1.4.RELEASE\spring-webmvc-5.1.4.RELEASE.jar;e:\mvn_repo\org\springframework\spring-context\5.1.4.RELEASE\spring-context-5.1.4.RELEASE.jar;e:\mvn_repo\org\springframework\spring-expression\5.1.4.RELEASE\spring-expression-5.1.4.RELEASE.jar;e:\mvn_repo\org\springframework\boot\spring-boot-starter-jetty\2.1.2.RELEASE\spring-boot-starter-jetty-2.1.2.RELEASE.jar;e:\mvn_repo\org\eclipse\jetty\jetty-servlets\9.4.14.v20181114\jetty-servlets-9.4.14.v20181114.jar;e:\mvn_repo\org\eclipse\jetty\jetty-continuation\9.4.14.v20181114\jetty-continuation-9.4.14.v20181114.jar;e:\mvn_repo\org\eclipse\jetty\jetty-http\9.4.14.v20181114\jetty-http-9.4.14.v20181114.jar;e:\mvn_repo\org\eclipse\jetty\jetty-util\9.4.14.v20181114\jetty-util-9.4.14.v20181114.jar;e:\mvn_repo\org\eclipse\jetty\jetty-io\9.4.14.v20181114\jetty-io-9.4.14.v20181114.jar;e:\mvn_repo\org\eclipse\jetty\jetty-webapp\9.4.14.v20181114\jetty-webapp-9.4.14.v20181114.jar;e:\mvn_repo\org\eclipse\jetty\jetty-xml\9.4.14.v20181114\jetty-xml-9.4.14.v20181114.jar;e:\mvn_repo\org\eclipse\jetty\jetty-servlet\9.4.14.v20181114\jetty-servlet-9.4.14.v20181114.jar;e:\mvn_repo\org\eclipse\jetty\jetty-security\9.4.14.v20181114\jetty-security-9.4.14.v20181114.jar;e:\mvn_repo\org\eclipse\jetty\jetty-server\9.4.14.v20181114\jetty-server-9.4.14.v20181114.jar;e:\mvn_repo\org\eclipse\jetty\websocket\websocket-server\9.4.14.v20181114\websocket-server-9.4.14.v20181114.jar;e:\mvn_repo\org\eclipse\jetty\websocket\websocket-common\9.4.14.v20181114\websocket-common-9.4.14.v20181114.jar;e:\mvn_repo\org\eclipse\jetty\websocket\websocket-api\9.4.14.v20181114\websocket-api-9.4.14.v20181114.jar;e:\mvn_repo\org\eclipse\jetty\websocket\websocket-client\9.4.14.v20181114\websocket-client-9.4.14.v20181114.jar;e:\mvn_repo\org\eclipse\jetty\jetty-client\9.4.14.v20181114\jetty-client-9.4.14.v20181114.jar;e:\mvn_repo\org\eclipse\jetty\websocket\websocket-servlet\9.4.14.v20181114\websocket-servlet-9.4.14.v20181114.jar;e:\mvn_repo\javax\servlet\javax.servlet-api\4.0.1\javax.servlet-api-4.0.1.jar;e:\mvn_repo\org\eclipse\jetty\websocket\javax-websocket-server-impl\9.4.14.v20181114\javax-websocket-server-impl-9.4.14.v20181114.jar;e:\mvn_repo\org\eclipse\jetty\jetty-annotations\9.4.14.v20181114\jetty-annotations-9.4.14.v20181114.jar;e:\mvn_repo\org\eclipse\jetty\jetty-plus\9.4.14.v20181114\jetty-plus-9.4.14.v20181114.jar;e:\mvn_repo\org\ow2\asm\asm\7.0\asm-7.0.jar;e:\mvn_repo\org\ow2\asm\asm-commons\7.0\asm-commons-7.0.jar;e:\mvn_repo\org\ow2\asm\asm-tree\7.0\asm-tree-7.0.jar;e:\mvn_repo\org\ow2\asm\asm-analysis\7.0\asm-analysis-7.0.jar;e:\mvn_repo\org\eclipse\jetty\websocket\javax-websocket-client-impl\9.4.14.v20181114\javax-websocket-client-impl-9.4.14.v20181114.jar;e:\mvn_repo\javax\websocket\javax.websocket-api\1.1\javax.websocket-api-1.1.jar;e:\mvn_repo\org\mortbay\jasper\apache-el\8.5.35.1\apache-el-8.5.35.1.jar;e:\mvn_repo\mysql\mysql-connector-java\6.0.3\mysql-connector-java-6.0.3.jar;e:\mvn_repo\org\springframework\boot\spring-boot-starter-aop\2.1.2.RELEASE\spring-boot-starter-aop-2.1.2.RELEASE.jar;e:\mvn_repo\org\springframework\spring-aop\5.1.4.RELEASE\spring-aop-5.1.4.RELEASE.jar;e:\mvn_repo\org\aspectj\aspectjweaver\1.9.2\aspectjweaver-1.9.2.jar;e:\mvn_repo\redis\clients\jedis\2.9.0\jedis-2.9.0.jar;e:\mvn_repo\org\apache\commons\commons-pool2\2.6.0\commons-pool2-2.6.0.jar;e:\mvn_repo\org\springframework\boot\spring-boot-starter-jdbc\2.1.2.RELEASE\spring-boot-starter-jdbc-2.1.2.RELEASE.jar;e:\mvn_repo\com\zaxxer\HikariCP\3.2.0\HikariCP-3.2.0.jar;e:\mvn_repo\org\slf4j\slf4j-api\1.7.25\slf4j-api-1.7.25.jar;e:\mvn_repo\org\springframework\spring-jdbc\5.1.4.RELEASE\spring-jdbc-5.1.4.RELEASE.jar;e:\mvn_repo\org\springframework\spring-tx\5.1.4.RELEASE\spring-tx-5.1.4.RELEASE.jar;e:\mvn_repo\org\mybatis\mybatis\3.4.6\mybatis-3.4.6.jar;e:\mvn_repo\org\mybatis\spring\boot\mybatis-spring-boot-starter\1.3.2\mybatis-spring-boot-starter-1.3.2.jar;e:\mvn_repo\org\mybatis\spring\boot\mybatis-spring-boot-autoconfigure\1.3.2\mybatis-spring-boot-autoconfigure-1.3.2.jar;e:\mvn_repo\org\mybatis\mybatis-spring\1.3.2\mybatis-spring-1.3.2.jar;e:\mvn_repo\org\springframework\boot\spring-boot-starter-test\2.1.2.RELEASE\spring-boot-starter-test-2.1.2.RELEASE.jar;e:\mvn_repo\org\springframework\boot\spring-boot-test\2.1.2.RELEASE\spring-boot-test-2.1.2.RELEASE.jar;e:\mvn_repo\org\springframework\boot\spring-boot-test-autoconfigure\2.1.2.RELEASE\spring-boot-test-autoconfigure-2.1.2.RELEASE.jar;e:\mvn_repo\com\jayway\jsonpath\json-path\2.4.0\json-path-2.4.0.jar;e:\mvn_repo\net\minidev\json-smart\2.3\json-smart-2.3.jar;e:\mvn_repo\net\minidev\accessors-smart\1.2\accessors-smart-1.2.jar;e:\mvn_repo\junit\junit\4.12\junit-4.12.jar;e:\mvn_repo\org\assertj\assertj-core\3.11.1\assertj-core-3.11.1.jar;e:\mvn_repo\org\mockito\mockito-core\2.23.4\mockito-core-2.23.4.jar;e:\mvn_repo\net\bytebuddy\byte-buddy\1.9.7\byte-buddy-1.9.7.jar;e:\mvn_repo\net\bytebuddy\byte-buddy-agent\1.9.7\byte-buddy-agent-1.9.7.jar;e:\mvn_repo\org\objenesis\objenesis\2.6\objenesis-2.6.jar;e:\mvn_repo\org\hamcrest\hamcrest-core\1.3\hamcrest-core-1.3.jar;e:\mvn_repo\org\hamcrest\hamcrest-library\1.3\hamcrest-library-1.3.jar;e:\mvn_repo\org\skyscreamer\jsonassert\1.5.0\jsonassert-1.5.0.jar;e:\mvn_repo\com\vaadin\external\google\android-json\0.0.20131108.vaadin1\android-json-0.0.20131108.vaadin1.jar;e:\mvn_repo\org\springframework\spring-core\5.1.4.RELEASE\spring-core-5.1.4.RELEASE.jar;e:\mvn_repo\org\springframework\spring-jcl\5.1.4.RELEASE\spring-jcl-5.1.4.RELEASE.jar;e:\mvn_repo\org\springframework\spring-test\5.1.4.RELEASE\spring-test-5.1.4.RELEASE.jar;e:\mvn_repo\org\xmlunit\xmlunit-core\2.6.2\xmlunit-core-2.6.2.jar;"/>
    <property name="java.vm.vendor" value="Oracle Corporation"/>
    <property name="sun.arch.data.model" value="64"/>
    <property name="user.variant" value=""/>
    <property name="java.vendor.url" value="http://java.oracle.com/"/>
    <property name="user.timezone" value="Asia/Shanghai"/>
    <property name="java.vm.specification.version" value="1.8"/>
    <property name="os.name" value="Windows 7"/>
    <property name="user.country" value="CN"/>
    <property name="sun.java.launcher" value="SUN_STANDARD"/>
    <property name="sun.boot.library.path" value="C:\Program Files\Java\jdk1.8.0_191\jre\bin"/>
    <property name="sun.java.command" value="C:\Users\ADMINI~1\AppData\Local\Temp\surefire660815098888267171\surefirebooter3196018346341364856.jar C:\Users\Administrator\AppData\Local\Temp\surefire660815098888267171 2019-02-11T20-05-46_619-jvmRun1 surefire8581832828082469084tmp surefire_02604712530004169841tmp"/>
    <property name="surefire.test.class.path" value="E:\eclipse_workspace_springboot1\mall-product\target\test-classes;E:\eclipse_workspace_springboot1\mall-product\target\classes;e:\mvn_repo\org\springframework\boot\spring-boot-starter-web\2.1.2.RELEASE\spring-boot-starter-web-2.1.2.RELEASE.jar;e:\mvn_repo\org\springframework\boot\spring-boot-starter\2.1.2.RELEASE\spring-boot-starter-2.1.2.RELEASE.jar;e:\mvn_repo\org\springframework\boot\spring-boot\2.1.2.RELEASE\spring-boot-2.1.2.RELEASE.jar;e:\mvn_repo\org\springframework\boot\spring-boot-autoconfigure\2.1.2.RELEASE\spring-boot-autoconfigure-2.1.2.RELEASE.jar;e:\mvn_repo\org\springframework\boot\spring-boot-starter-logging\2.1.2.RELEASE\spring-boot-starter-logging-2.1.2.RELEASE.jar;e:\mvn_repo\ch\qos\logback\logback-classic\1.2.3\logback-classic-1.2.3.jar;e:\mvn_repo\ch\qos\logback\logback-core\1.2.3\logback-core-1.2.3.jar;e:\mvn_repo\org\apache\logging\log4j\log4j-to-slf4j\2.11.1\log4j-to-slf4j-2.11.1.jar;e:\mvn_repo\org\apache\logging\log4j\log4j-api\2.11.1\log4j-api-2.11.1.jar;e:\mvn_repo\org\slf4j\jul-to-slf4j\1.7.25\jul-to-slf4j-1.7.25.jar;e:\mvn_repo\javax\annotation\javax.annotation-api\1.3.2\javax.annotation-api-1.3.2.jar;e:\mvn_repo\org\yaml\snakeyaml\1.23\snakeyaml-1.23.jar;e:\mvn_repo\org\springframework\boot\spring-boot-starter-json\2.1.2.RELEASE\spring-boot-starter-json-2.1.2.RELEASE.jar;e:\mvn_repo\com\fasterxml\jackson\core\jackson-databind\2.9.8\jackson-databind-2.9.8.jar;e:\mvn_repo\com\fasterxml\jackson\core\jackson-annotations\2.9.0\jackson-annotations-2.9.0.jar;e:\mvn_repo\com\fasterxml\jackson\core\jackson-core\2.9.8\jackson-core-2.9.8.jar;e:\mvn_repo\com\fasterxml\jackson\datatype\jackson-datatype-jdk8\2.9.8\jackson-datatype-jdk8-2.9.8.jar;e:\mvn_repo\com\fasterxml\jackson\datatype\jackson-datatype-jsr310\2.9.8\jackson-datatype-jsr310-2.9.8.jar;e:\mvn_repo\com\fasterxml\jackson\module\jackson-module-parameter-names\2.9.8\jackson-module-parameter-names-2.9.8.jar;e:\mvn_repo\org\hibernate\validator\hibernate-validator\6.0.14.Final\hibernate-validator-6.0.14.Final.jar;e:\mvn_repo\javax\validation\validation-api\2.0.1.Final\validation-api-2.0.1.Final.jar;e:\mvn_repo\org\jboss\logging\jboss-logging\3.3.2.Final\jboss-logging-3.3.2.Final.jar;e:\mvn_repo\com\fasterxml\classmate\1.4.0\classmate-1.4.0.jar;e:\mvn_repo\org\springframework\spring-web\5.1.4.RELEASE\spring-web-5.1.4.RELEASE.jar;e:\mvn_repo\org\springframework\spring-beans\5.1.4.RELEASE\spring-beans-5.1.4.RELEASE.jar;e:\mvn_repo\org\springframework\spring-webmvc\5.1.4.RELEASE\spring-webmvc-5.1.4.RELEASE.jar;e:\mvn_repo\org\springframework\spring-context\5.1.4.RELEASE\spring-context-5.1.4.RELEASE.jar;e:\mvn_repo\org\springframework\spring-expression\5.1.4.RELEASE\spring-expression-5.1.4.RELEASE.jar;e:\mvn_repo\org\springframework\boot\spring-boot-starter-jetty\2.1.2.RELEASE\spring-boot-starter-jetty-2.1.2.RELEASE.jar;e:\mvn_repo\org\eclipse\jetty\jetty-servlets\9.4.14.v20181114\jetty-servlets-9.4.14.v20181114.jar;e:\mvn_repo\org\eclipse\jetty\jetty-continuation\9.4.14.v20181114\jetty-continuation-9.4.14.v20181114.jar;e:\mvn_repo\org\eclipse\jetty\jetty-http\9.4.14.v20181114\jetty-http-9.4.14.v20181114.jar;e:\mvn_repo\org\eclipse\jetty\jetty-util\9.4.14.v20181114\jetty-util-9.4.14.v20181114.jar;e:\mvn_repo\org\eclipse\jetty\jetty-io\9.4.14.v20181114\jetty-io-9.4.14.v20181114.jar;e:\mvn_repo\org\eclipse\jetty\jetty-webapp\9.4.14.v20181114\jetty-webapp-9.4.14.v20181114.jar;e:\mvn_repo\org\eclipse\jetty\jetty-xml\9.4.14.v20181114\jetty-xml-9.4.14.v20181114.jar;e:\mvn_repo\org\eclipse\jetty\jetty-servlet\9.4.14.v20181114\jetty-servlet-9.4.14.v20181114.jar;e:\mvn_repo\org\eclipse\jetty\jetty-security\9.4.14.v20181114\jetty-security-9.4.14.v20181114.jar;e:\mvn_repo\org\eclipse\jetty\jetty-server\9.4.14.v20181114\jetty-server-9.4.14.v20181114.jar;e:\mvn_repo\org\eclipse\jetty\websocket\websocket-server\9.4.14.v20181114\websocket-server-9.4.14.v20181114.jar;e:\mvn_repo\org\eclipse\jetty\websocket\websocket-common\9.4.14.v20181114\websocket-common-9.4.14.v20181114.jar;e:\mvn_repo\org\eclipse\jetty\websocket\websocket-api\9.4.14.v20181114\websocket-api-9.4.14.v20181114.jar;e:\mvn_repo\org\eclipse\jetty\websocket\websocket-client\9.4.14.v20181114\websocket-client-9.4.14.v20181114.jar;e:\mvn_repo\org\eclipse\jetty\jetty-client\9.4.14.v20181114\jetty-client-9.4.14.v20181114.jar;e:\mvn_repo\org\eclipse\jetty\websocket\websocket-servlet\9.4.14.v20181114\websocket-servlet-9.4.14.v20181114.jar;e:\mvn_repo\javax\servlet\javax.servlet-api\4.0.1\javax.servlet-api-4.0.1.jar;e:\mvn_repo\org\eclipse\jetty\websocket\javax-websocket-server-impl\9.4.14.v20181114\javax-websocket-server-impl-9.4.14.v20181114.jar;e:\mvn_repo\org\eclipse\jetty\jetty-annotations\9.4.14.v20181114\jetty-annotations-9.4.14.v20181114.jar;e:\mvn_repo\org\eclipse\jetty\jetty-plus\9.4.14.v20181114\jetty-plus-9.4.14.v20181114.jar;e:\mvn_repo\org\ow2\asm\asm\7.0\asm-7.0.jar;e:\mvn_repo\org\ow2\asm\asm-commons\7.0\asm-commons-7.0.jar;e:\mvn_repo\org\ow2\asm\asm-tree\7.0\asm-tree-7.0.jar;e:\mvn_repo\org\ow2\asm\asm-analysis\7.0\asm-analysis-7.0.jar;e:\mvn_repo\org\eclipse\jetty\websocket\javax-websocket-client-impl\9.4.14.v20181114\javax-websocket-client-impl-9.4.14.v20181114.jar;e:\mvn_repo\javax\websocket\javax.websocket-api\1.1\javax.websocket-api-1.1.jar;e:\mvn_repo\org\mortbay\jasper\apache-el\8.5.35.1\apache-el-8.5.35.1.jar;e:\mvn_repo\mysql\mysql-connector-java\6.0.3\mysql-connector-java-6.0.3.jar;e:\mvn_repo\org\springframework\boot\spring-boot-starter-aop\2.1.2.RELEASE\spring-boot-starter-aop-2.1.2.RELEASE.jar;e:\mvn_repo\org\springframework\spring-aop\5.1.4.RELEASE\spring-aop-5.1.4.RELEASE.jar;e:\mvn_repo\org\aspectj\aspectjweaver\1.9.2\aspectjweaver-1.9.2.jar;e:\mvn_repo\redis\clients\jedis\2.9.0\jedis-2.9.0.jar;e:\mvn_repo\org\apache\commons\commons-pool2\2.6.0\commons-pool2-2.6.0.jar;e:\mvn_repo\org\springframework\boot\spring-boot-starter-jdbc\2.1.2.RELEASE\spring-boot-starter-jdbc-2.1.2.RELEASE.jar;e:\mvn_repo\com\zaxxer\HikariCP\3.2.0\HikariCP-3.2.0.jar;e:\mvn_repo\org\slf4j\slf4j-api\1.7.25\slf4j-api-1.7.25.jar;e:\mvn_repo\org\springframework\spring-jdbc\5.1.4.RELEASE\spring-jdbc-5.1.4.RELEASE.jar;e:\mvn_repo\org\springframework\spring-tx\5.1.4.RELEASE\spring-tx-5.1.4.RELEASE.jar;e:\mvn_repo\org\mybatis\mybatis\3.4.6\mybatis-3.4.6.jar;e:\mvn_repo\org\mybatis\spring\boot\mybatis-spring-boot-starter\1.3.2\mybatis-spring-boot-starter-1.3.2.jar;e:\mvn_repo\org\mybatis\spring\boot\mybatis-spring-boot-autoconfigure\1.3.2\mybatis-spring-boot-autoconfigure-1.3.2.jar;e:\mvn_repo\org\mybatis\mybatis-spring\1.3.2\mybatis-spring-1.3.2.jar;e:\mvn_repo\org\springframework\boot\spring-boot-starter-test\2.1.2.RELEASE\spring-boot-starter-test-2.1.2.RELEASE.jar;e:\mvn_repo\org\springframework\boot\spring-boot-test\2.1.2.RELEASE\spring-boot-test-2.1.2.RELEASE.jar;e:\mvn_repo\org\springframework\boot\spring-boot-test-autoconfigure\2.1.2.RELEASE\spring-boot-test-autoconfigure-2.1.2.RELEASE.jar;e:\mvn_repo\com\jayway\jsonpath\json-path\2.4.0\json-path-2.4.0.jar;e:\mvn_repo\net\minidev\json-smart\2.3\json-smart-2.3.jar;e:\mvn_repo\net\minidev\accessors-smart\1.2\accessors-smart-1.2.jar;e:\mvn_repo\junit\junit\4.12\junit-4.12.jar;e:\mvn_repo\org\assertj\assertj-core\3.11.1\assertj-core-3.11.1.jar;e:\mvn_repo\org\mockito\mockito-core\2.23.4\mockito-core-2.23.4.jar;e:\mvn_repo\net\bytebuddy\byte-buddy\1.9.7\byte-buddy-1.9.7.jar;e:\mvn_repo\net\bytebuddy\byte-buddy-agent\1.9.7\byte-buddy-agent-1.9.7.jar;e:\mvn_repo\org\objenesis\objenesis\2.6\objenesis-2.6.jar;e:\mvn_repo\org\hamcrest\hamcrest-core\1.3\hamcrest-core-1.3.jar;e:\mvn_repo\org\hamcrest\hamcrest-library\1.3\hamcrest-library-1.3.jar;e:\mvn_repo\org\skyscreamer\jsonassert\1.5.0\jsonassert-1.5.0.jar;e:\mvn_repo\com\vaadin\external\google\android-json\0.0.20131108.vaadin1\android-json-0.0.20131108.vaadin1.jar;e:\mvn_repo\org\springframework\spring-core\5.1.4.RELEASE\spring-core-5.1.4.RELEASE.jar;e:\mvn_repo\org\springframework\spring-jcl\5.1.4.RELEASE\spring-jcl-5.1.4.RELEASE.jar;e:\mvn_repo\org\springframework\spring-test\5.1.4.RELEASE\spring-test-5.1.4.RELEASE.jar;e:\mvn_repo\org\xmlunit\xmlunit-core\2.6.2\xmlunit-core-2.6.2.jar;"/>
    <property name="sun.cpu.endian" value="little"/>
    <property name="user.home" value="C:\Users\Administrator"/>
    <property name="user.language" value="zh"/>
    <property name="java.specification.vendor" value="Oracle Corporation"/>
    <property name="java.home" value="C:\Program Files\Java\jdk1.8.0_191\jre"/>
    <property name="basedir" value="E:\eclipse_workspace_springboot1\mall-product"/>
    <property name="file.separator" value="\"/>
    <property name="line.separator" value="&#10;"/>
    <property name="java.vm.specification.vendor" value="Oracle Corporation"/>
    <property name="java.specification.name" value="Java Platform API Specification"/>
    <property name="java.awt.graphicsenv" value="sun.awt.Win32GraphicsEnvironment"/>
    <property name="surefire.real.class.path" value="C:\Users\ADMINI~1\AppData\Local\Temp\surefire660815098888267171\surefirebooter3196018346341364856.jar"/>
    <property name="sun.boot.class.path" value="C:\Program Files\Java\jdk1.8.0_191\jre\lib\resources.jar;C:\Program Files\Java\jdk1.8.0_191\jre\lib\rt.jar;C:\Program Files\Java\jdk1.8.0_191\jre\lib\sunrsasign.jar;C:\Program Files\Java\jdk1.8.0_191\jre\lib\jsse.jar;C:\Program Files\Java\jdk1.8.0_191\jre\lib\jce.jar;C:\Program Files\Java\jdk1.8.0_191\jre\lib\charsets.jar;C:\Program Files\Java\jdk1.8.0_191\jre\lib\jfr.jar;C:\Program Files\Java\jdk1.8.0_191\jre\classes"/>
    <property name="user.script" value=""/>
    <property name="sun.management.compiler" value="HotSpot 64-Bit Tiered Compilers"/>
    <property name="java.runtime.version" value="1.8.0_191-b12"/>
    <property name="user.name" value="Administrator"/>
    <property name="path.separator" value=";"/>
    <property name="os.version" value="6.1"/>
    <property name="java.endorsed.dirs" value="C:\Program Files\Java\jdk1.8.0_191\jre\lib\endorsed"/>
    <property name="java.runtime.name" value="Java(TM) SE Runtime Environment"/>
    <property name="file.encoding" value="GBK"/>
    <property name="java.vm.name" value="Java HotSpot(TM) 64-Bit Server VM"/>
    <property name="localRepository" value="e:\mvn_repo"/>
    <property name="java.vendor.url.bug" value="http://bugreport.sun.com/bugreport/"/>
    <property name="java.io.tmpdir" value="C:\Users\ADMINI~1\AppData\Local\Temp\"/>
    <property name="java.version" value="1.8.0_191"/>
    <property name="user.dir" value="E:\eclipse_workspace_springboot1\mall-product"/>
    <property name="os.arch" value="amd64"/>
    <property name="java.vm.specification.name" value="Java Virtual Machine Specification"/>
    <property name="java.awt.printerjob" value="sun.awt.windows.WPrinterJob"/>
    <property name="sun.os.patch.level" value="Service Pack 1"/>
    <property name="java.library.path" value="C:\Program Files\Java\jdk1.8.0_191\jre\bin;C:\Windows\Sun\Java\bin;C:\Windows\system32;C:\Windows;C:/Program Files/Java/jdk1.8.0_191/bin/../jre/bin/server;C:/Program Files/Java/jdk1.8.0_191/bin/../jre/bin;C:/Program Files/Java/jdk1.8.0_191/bin/../jre/lib/amd64;C:\Windows\system32;C:\Windows;C:\Windows\System32\Wbem;C:\Windows\System32\WindowsPowerShell\v1.0\;C:\Program Files\Java\jdk1.8.0_191\bin;C:\Program Files\Git\cmd;E:\apache-maven-3.5.3-bin\apache-maven-3.5.3\bin;C:\Users\Administrator\Desktop;;."/>
    <property name="java.vm.info" value="mixed mode"/>
    <property name="java.vendor" value="Oracle Corporation"/>
    <property name="java.vm.version" value="25.191-b12"/>
    <property name="java.ext.dirs" value="C:\Program Files\Java\jdk1.8.0_191\jre\lib\ext;C:\Windows\Sun\Java\lib\ext"/>
    <property name="sun.io.unicode.encoding" value="UnicodeLittle"/>
    <property name="java.class.version" value="52.0"/>
  </properties>
  <testcase name="testApp" classname="com.edu.mall.product.AppTest" time="0.001"/>
</testsuite>